#-----------------------------------------------------------
# Vivado v2018.2 (64-bit)
# SW Build 2258646 on Thu Jun 14 20:03:12 MDT 2018
# IP Build 2256618 on Thu Jun 14 22:10:49 MDT 2018
# Start of session at: Fri May 10 16:40:05 2024
# Process ID: 11952
# Current directory: C:/Users/clare/Documents/NUS Stuff/Y2S2/EE2026/github/EE2026/Assignment 3
# Command line: vivado.exe -gui_launcher_event rodinguilauncherevent15688 C:\Users\clare\Documents\NUS Stuff\Y2S2\EE2026\github\EE2026\Assignment 3\assignment3.xpr
# Log file: C:/Users/clare/Documents/NUS Stuff/Y2S2/EE2026/github/EE2026/Assignment 3/vivado.log
# Journal file: C:/Users/clare/Documents/NUS Stuff/Y2S2/EE2026/github/EE2026/Assignment 3\vivado.jou
#-----------------------------------------------------------
start_gui
open_project {C:/Users/clare/Documents/NUS Stuff/Y2S2/EE2026/github/EE2026/Assignment 3/assignment3.xpr}
INFO: [Project 1-313] Project file moved from 'C:/Users/Clarence/AppData/Roaming/Xilinx/Vivado/.Xil/Vivado-780-DESKTOP-BT3RTOA/PrjAr/_X_' since last save.
Scanning sources...
Finished scanning sources
INFO: [IP_Flow 19-234] Refreshing IP repositories
INFO: [IP_Flow 19-1704] No user IP repositories specified
INFO: [IP_Flow 19-2313] Loaded Vivado IP repository 'C:/Xilinx/Vivado/2018.2/data/ip'.
update_compile_order -fileset sources_1
exit
INFO: [Common 17-206] Exiting Vivado at Fri May 10 16:40:27 2024...
