
*** Running vivado
    with args -log assignment2.vds -m64 -product Vivado -mode batch -messageDb vivado.pb -notrace -source assignment2.tcl


****** Vivado v2018.2 (64-bit)
  **** SW Build 2258646 on Thu Jun 14 20:03:12 MDT 2018
  **** IP Build 2256618 on Thu Jun 14 22:10:49 MDT 2018
    ** Copyright 1986-2018 Xilinx, Inc. All Rights Reserved.

source assignment2.tcl -notrace
Command: synth_design -top assignment2 -part xc7a35tcpg236-1
Starting synth_design
Attempting to get a license for feature 'Synthesis' and/or device 'xc7a35t'
INFO: [Common 17-349] Got license for feature 'Synthesis' and/or device 'xc7a35t'
INFO: Launching helper process for spawning children vivado processes
INFO: Helper process launched with PID 19392 
---------------------------------------------------------------------------------
Starting RTL Elaboration : Time (s): cpu = 00:00:02 ; elapsed = 00:00:02 . Memory (MB): peak = 356.250 ; gain = 99.523
---------------------------------------------------------------------------------
INFO: [Synth 8-6157] synthesizing module 'assignment2' [C:/Users/clare/Desktop/Lab2_Wed_PM_CLARENCE POH XIANG JUN_144_Archive/Assignment2/Assignment2.srcs/sources_1/new/assignment2.v:23]
INFO: [Synth 8-6157] synthesizing module 'LSB_4_bit_adder' [C:/Users/clare/Desktop/Lab2_Wed_PM_CLARENCE POH XIANG JUN_144_Archive/Assignment2/Assignment2.srcs/sources_1/new/LSB_4_bit_adder.v:23]
INFO: [Synth 8-6157] synthesizing module 'one_bit_adder' [C:/Users/clare/Desktop/Lab2_Wed_PM_CLARENCE POH XIANG JUN_144_Archive/Assignment2/Assignment2.srcs/sources_1/new/one_bit_adder.v:23]
INFO: [Synth 8-6155] done synthesizing module 'one_bit_adder' (1#1) [C:/Users/clare/Desktop/Lab2_Wed_PM_CLARENCE POH XIANG JUN_144_Archive/Assignment2/Assignment2.srcs/sources_1/new/one_bit_adder.v:23]
INFO: [Synth 8-6155] done synthesizing module 'LSB_4_bit_adder' (2#1) [C:/Users/clare/Desktop/Lab2_Wed_PM_CLARENCE POH XIANG JUN_144_Archive/Assignment2/Assignment2.srcs/sources_1/new/LSB_4_bit_adder.v:23]
INFO: [Synth 8-6157] synthesizing module 'MSB_3_bit_adder' [C:/Users/clare/Desktop/Lab2_Wed_PM_CLARENCE POH XIANG JUN_144_Archive/Assignment2/Assignment2.srcs/sources_1/new/MSB_3_bit_adder.v:23]
INFO: [Synth 8-6155] done synthesizing module 'MSB_3_bit_adder' (3#1) [C:/Users/clare/Desktop/Lab2_Wed_PM_CLARENCE POH XIANG JUN_144_Archive/Assignment2/Assignment2.srcs/sources_1/new/MSB_3_bit_adder.v:23]
INFO: [Synth 8-6155] done synthesizing module 'assignment2' (4#1) [C:/Users/clare/Desktop/Lab2_Wed_PM_CLARENCE POH XIANG JUN_144_Archive/Assignment2/Assignment2.srcs/sources_1/new/assignment2.v:23]
WARNING: [Synth 8-3917] design assignment2 has port an[3] driven by constant 1
WARNING: [Synth 8-3917] design assignment2 has port an[2] driven by constant 0
WARNING: [Synth 8-3917] design assignment2 has port an[1] driven by constant 0
WARNING: [Synth 8-3917] design assignment2 has port an[0] driven by constant 0
WARNING: [Synth 8-3917] design assignment2 has port seg[7] driven by constant 1
WARNING: [Synth 8-3917] design assignment2 has port seg[6] driven by constant 0
WARNING: [Synth 8-3917] design assignment2 has port seg[5] driven by constant 1
WARNING: [Synth 8-3917] design assignment2 has port seg[4] driven by constant 0
WARNING: [Synth 8-3917] design assignment2 has port seg[3] driven by constant 0
WARNING: [Synth 8-3917] design assignment2 has port seg[2] driven by constant 0
WARNING: [Synth 8-3917] design assignment2 has port seg[1] driven by constant 0
WARNING: [Synth 8-3917] design assignment2 has port seg[0] driven by constant 1
---------------------------------------------------------------------------------
Finished RTL Elaboration : Time (s): cpu = 00:00:02 ; elapsed = 00:00:03 . Memory (MB): peak = 410.973 ; gain = 154.246
---------------------------------------------------------------------------------

Report Check Netlist: 
+------+------------------+-------+---------+-------+------------------+
|      |Item              |Errors |Warnings |Status |Description       |
+------+------------------+-------+---------+-------+------------------+
|1     |multi_driven_nets |      0|        0|Passed |Multi driven nets |
+------+------------------+-------+---------+-------+------------------+
---------------------------------------------------------------------------------
Start Handling Custom Attributes
---------------------------------------------------------------------------------
---------------------------------------------------------------------------------
Finished Handling Custom Attributes : Time (s): cpu = 00:00:02 ; elapsed = 00:00:03 . Memory (MB): peak = 410.973 ; gain = 154.246
---------------------------------------------------------------------------------
---------------------------------------------------------------------------------
Finished RTL Optimization Phase 1 : Time (s): cpu = 00:00:02 ; elapsed = 00:00:03 . Memory (MB): peak = 410.973 ; gain = 154.246
---------------------------------------------------------------------------------
INFO: [Device 21-403] Loading part xc7a35tcpg236-1
INFO: [Project 1-570] Preparing netlist for logic optimization

Processing XDC Constraints
Initializing timing engine
Parsing XDC File [C:/Users/clare/Desktop/Lab2_Wed_PM_CLARENCE POH XIANG JUN_144_Archive/Assignment2/Assignment2.srcs/constrs_1/imports/Desktop/assignment2.xdc]
Finished Parsing XDC File [C:/Users/clare/Desktop/Lab2_Wed_PM_CLARENCE POH XIANG JUN_144_Archive/Assignment2/Assignment2.srcs/constrs_1/imports/Desktop/assignment2.xdc]
INFO: [Project 1-236] Implementation specific constraints were found while reading constraint file [C:/Users/clare/Desktop/Lab2_Wed_PM_CLARENCE POH XIANG JUN_144_Archive/Assignment2/Assignment2.srcs/constrs_1/imports/Desktop/assignment2.xdc]. These constraints will be ignored for synthesis but will be used in implementation. Impacted constraints are listed in the file [.Xil/assignment2_propImpl.xdc].
Resolution: To avoid this warning, move constraints listed in [.Xil/assignment2_propImpl.xdc] to another XDC file and exclude this new file from synthesis with the used_in_synthesis property (File Properties dialog in GUI) and re-run elaboration/synthesis.
Completed Processing XDC Constraints

INFO: [Project 1-111] Unisim Transformation Summary:
No Unisim elements were transformed.

Constraint Validation Runtime : Time (s): cpu = 00:00:00 ; elapsed = 00:00:00.001 . Memory (MB): peak = 718.090 ; gain = 0.000
---------------------------------------------------------------------------------
Finished Constraint Validation : Time (s): cpu = 00:00:08 ; elapsed = 00:00:11 . Memory (MB): peak = 718.090 ; gain = 461.363
---------------------------------------------------------------------------------
---------------------------------------------------------------------------------
Start Loading Part and Timing Information
---------------------------------------------------------------------------------
Loading part: xc7a35tcpg236-1
---------------------------------------------------------------------------------
Finished Loading Part and Timing Information : Time (s): cpu = 00:00:08 ; elapsed = 00:00:11 . Memory (MB): peak = 718.090 ; gain = 461.363
---------------------------------------------------------------------------------
---------------------------------------------------------------------------------
Start Applying 'set_property' XDC Constraints
---------------------------------------------------------------------------------
---------------------------------------------------------------------------------
Finished applying 'set_property' XDC Constraints : Time (s): cpu = 00:00:08 ; elapsed = 00:00:11 . Memory (MB): peak = 718.090 ; gain = 461.363
---------------------------------------------------------------------------------
---------------------------------------------------------------------------------
Finished RTL Optimization Phase 2 : Time (s): cpu = 00:00:08 ; elapsed = 00:00:11 . Memory (MB): peak = 718.090 ; gain = 461.363
---------------------------------------------------------------------------------

Report RTL Partitions: 
+-+--------------+------------+----------+
| |RTL Partition |Replication |Instances |
+-+--------------+------------+----------+
+-+--------------+------------+----------+
---------------------------------------------------------------------------------
Start RTL Component Statistics 
---------------------------------------------------------------------------------
Detailed RTL Component Info : 
+---XORs : 
	   2 Input      1 Bit         XORs := 14    
+---Muxes : 
	   2 Input      7 Bit        Muxes := 1     
---------------------------------------------------------------------------------
Finished RTL Component Statistics 
---------------------------------------------------------------------------------
---------------------------------------------------------------------------------
Start RTL Hierarchical Component Statistics 
---------------------------------------------------------------------------------
Hierarchical RTL Component report 
Module assignment2 
Detailed RTL Component Info : 
+---Muxes : 
	   2 Input      7 Bit        Muxes := 1     
Module one_bit_adder 
Detailed RTL Component Info : 
+---XORs : 
	   2 Input      1 Bit         XORs := 2     
---------------------------------------------------------------------------------
Finished RTL Hierarchical Component Statistics
---------------------------------------------------------------------------------
---------------------------------------------------------------------------------
Start Part Resource Summary
---------------------------------------------------------------------------------
Part Resources:
DSPs: 90 (col length:60)
BRAMs: 100 (col length: RAMB18 60 RAMB36 30)
---------------------------------------------------------------------------------
Finished Part Resource Summary
---------------------------------------------------------------------------------
---------------------------------------------------------------------------------
Start Cross Boundary and Area Optimization
---------------------------------------------------------------------------------
Warning: Parallel synthesis criteria is not met 
WARNING: [Synth 8-3917] design assignment2 has port an[3] driven by constant 1
WARNING: [Synth 8-3917] design assignment2 has port an[2] driven by constant 0
WARNING: [Synth 8-3917] design assignment2 has port an[1] driven by constant 0
WARNING: [Synth 8-3917] design assignment2 has port an[0] driven by constant 0
WARNING: [Synth 8-3917] design assignment2 has port seg[7] driven by constant 1
WARNING: [Synth 8-3917] design assignment2 has port seg[6] driven by constant 0
WARNING: [Synth 8-3917] design assignment2 has port seg[5] driven by constant 1
WARNING: [Synth 8-3917] design assignment2 has port seg[4] driven by constant 0
WARNING: [Synth 8-3917] design assignment2 has port seg[3] driven by constant 0
WARNING: [Synth 8-3917] design assignment2 has port seg[2] driven by constant 0
WARNING: [Synth 8-3917] design assignment2 has port seg[1] driven by constant 0
WARNING: [Synth 8-3917] design assignment2 has port seg[0] driven by constant 1
---------------------------------------------------------------------------------
Finished Cross Boundary and Area Optimization : Time (s): cpu = 00:00:09 ; elapsed = 00:00:12 . Memory (MB): peak = 718.090 ; gain = 461.363
---------------------------------------------------------------------------------

Report RTL Partitions: 
+-+--------------+------------+----------+
| |RTL Partition |Replication |Instances |
+-+--------------+------------+----------+
+-+--------------+------------+----------+
---------------------------------------------------------------------------------
Start Applying XDC Timing Constraints
---------------------------------------------------------------------------------
---------------------------------------------------------------------------------
Finished Applying XDC Timing Constraints : Time (s): cpu = 00:00:14 ; elapsed = 00:00:20 . Memory (MB): peak = 732.512 ; gain = 475.785
---------------------------------------------------------------------------------
---------------------------------------------------------------------------------
Start Timing Optimization
---------------------------------------------------------------------------------
---------------------------------------------------------------------------------
Finished Timing Optimization : Time (s): cpu = 00:00:14 ; elapsed = 00:00:20 . Memory (MB): peak = 732.512 ; gain = 475.785
---------------------------------------------------------------------------------

Report RTL Partitions: 
+-+--------------+------------+----------+
| |RTL Partition |Replication |Instances |
+-+--------------+------------+----------+
+-+--------------+------------+----------+
---------------------------------------------------------------------------------
Start Technology Mapping
---------------------------------------------------------------------------------
---------------------------------------------------------------------------------
Finished Technology Mapping : Time (s): cpu = 00:00:14 ; elapsed = 00:00:20 . Memory (MB): peak = 732.848 ; gain = 476.121
---------------------------------------------------------------------------------

Report RTL Partitions: 
+-+--------------+------------+----------+
| |RTL Partition |Replication |Instances |
+-+--------------+------------+----------+
+-+--------------+------------+----------+
---------------------------------------------------------------------------------
Start IO Insertion
---------------------------------------------------------------------------------
---------------------------------------------------------------------------------
Start Flattening Before IO Insertion
---------------------------------------------------------------------------------
---------------------------------------------------------------------------------
Finished Flattening Before IO Insertion
---------------------------------------------------------------------------------
---------------------------------------------------------------------------------
Start Final Netlist Cleanup
---------------------------------------------------------------------------------
---------------------------------------------------------------------------------
Finished Final Netlist Cleanup
---------------------------------------------------------------------------------
---------------------------------------------------------------------------------
Finished IO Insertion : Time (s): cpu = 00:00:15 ; elapsed = 00:00:21 . Memory (MB): peak = 733.977 ; gain = 477.250
---------------------------------------------------------------------------------

Report Check Netlist: 
+------+------------------+-------+---------+-------+------------------+
|      |Item              |Errors |Warnings |Status |Description       |
+------+------------------+-------+---------+-------+------------------+
|1     |multi_driven_nets |      0|        0|Passed |Multi driven nets |
+------+------------------+-------+---------+-------+------------------+
---------------------------------------------------------------------------------
Start Renaming Generated Instances
---------------------------------------------------------------------------------
---------------------------------------------------------------------------------
Finished Renaming Generated Instances : Time (s): cpu = 00:00:15 ; elapsed = 00:00:21 . Memory (MB): peak = 733.977 ; gain = 477.250
---------------------------------------------------------------------------------

Report RTL Partitions: 
+-+--------------+------------+----------+
| |RTL Partition |Replication |Instances |
+-+--------------+------------+----------+
+-+--------------+------------+----------+
---------------------------------------------------------------------------------
Start Rebuilding User Hierarchy
---------------------------------------------------------------------------------
---------------------------------------------------------------------------------
Finished Rebuilding User Hierarchy : Time (s): cpu = 00:00:15 ; elapsed = 00:00:21 . Memory (MB): peak = 733.977 ; gain = 477.250
---------------------------------------------------------------------------------
---------------------------------------------------------------------------------
Start Renaming Generated Ports
---------------------------------------------------------------------------------
---------------------------------------------------------------------------------
Finished Renaming Generated Ports : Time (s): cpu = 00:00:15 ; elapsed = 00:00:21 . Memory (MB): peak = 733.977 ; gain = 477.250
---------------------------------------------------------------------------------
---------------------------------------------------------------------------------
Start Handling Custom Attributes
---------------------------------------------------------------------------------
---------------------------------------------------------------------------------
Finished Handling Custom Attributes : Time (s): cpu = 00:00:15 ; elapsed = 00:00:21 . Memory (MB): peak = 733.977 ; gain = 477.250
---------------------------------------------------------------------------------
---------------------------------------------------------------------------------
Start Renaming Generated Nets
---------------------------------------------------------------------------------
---------------------------------------------------------------------------------
Finished Renaming Generated Nets : Time (s): cpu = 00:00:15 ; elapsed = 00:00:21 . Memory (MB): peak = 733.977 ; gain = 477.250
---------------------------------------------------------------------------------
---------------------------------------------------------------------------------
Start Writing Synthesis Report
---------------------------------------------------------------------------------

Report BlackBoxes: 
+-+--------------+----------+
| |BlackBox name |Instances |
+-+--------------+----------+
+-+--------------+----------+

Report Cell Usage: 
+------+-----+------+
|      |Cell |Count |
+------+-----+------+
|1     |LUT2 |     2|
|2     |LUT3 |     1|
|3     |LUT4 |     2|
|4     |LUT5 |     3|
|5     |LUT6 |     7|
|6     |IBUF |    15|
|7     |OBUF |    25|
+------+-----+------+

Report Instance Areas: 
+------+---------+-------+------+
|      |Instance |Module |Cells |
+------+---------+-------+------+
|1     |top      |       |    55|
+------+---------+-------+------+
---------------------------------------------------------------------------------
Finished Writing Synthesis Report : Time (s): cpu = 00:00:15 ; elapsed = 00:00:21 . Memory (MB): peak = 733.977 ; gain = 477.250
---------------------------------------------------------------------------------
Synthesis finished with 0 errors, 0 critical warnings and 12 warnings.
Synthesis Optimization Runtime : Time (s): cpu = 00:00:08 ; elapsed = 00:00:14 . Memory (MB): peak = 734.008 ; gain = 170.164
Synthesis Optimization Complete : Time (s): cpu = 00:00:15 ; elapsed = 00:00:21 . Memory (MB): peak = 734.008 ; gain = 477.281
INFO: [Project 1-571] Translating synthesized netlist
INFO: [Netlist 29-17] Analyzing 15 Unisim elements for replacement
INFO: [Netlist 29-28] Unisim Transformation completed in 0 CPU seconds
INFO: [Project 1-570] Preparing netlist for logic optimization
INFO: [Opt 31-138] Pushed 0 inverter(s) to 0 load pin(s).
INFO: [Project 1-111] Unisim Transformation Summary:
No Unisim elements were transformed.

INFO: [Common 17-83] Releasing license: Synthesis
20 Infos, 24 Warnings, 0 Critical Warnings and 0 Errors encountered.
synth_design completed successfully
synth_design: Time (s): cpu = 00:00:16 ; elapsed = 00:00:23 . Memory (MB): peak = 750.102 ; gain = 506.695
WARNING: [Constraints 18-5210] No constraint will be written out.
INFO: [Common 17-1381] The checkpoint 'C:/Users/clare/Desktop/Lab2_Wed_PM_CLARENCE POH XIANG JUN_144_Archive/Assignment2/Assignment2.runs/synth_1/assignment2.dcp' has been generated.
INFO: [runtcl-4] Executing : report_utilization -file assignment2_utilization_synth.rpt -pb assignment2_utilization_synth.pb
report_utilization: Time (s): cpu = 00:00:00 ; elapsed = 00:00:00.016 . Memory (MB): peak = 750.102 ; gain = 0.000
INFO: [Common 17-206] Exiting Vivado at Mon Feb 12 22:10:37 2024...
