#-----------------------------------------------------------
# Vivado v2018.2 (64-bit)
# SW Build 2258646 on Thu Jun 14 20:03:12 MDT 2018
# IP Build 2256618 on Thu Jun 14 22:10:49 MDT 2018
# Start of session at: Fri May 10 16:30:03 2024
# Process ID: 12824
# Current directory: C:/Users/clare/Documents/NUS Stuff/Y2S2/EE2026/different archives for final project/shitty final project EE/EE2026_final_project
# Command line: vivado.exe -gui_launcher_event rodinguilauncherevent3788 C:\Users\clare\Documents\NUS Stuff\Y2S2\EE2026\different archives for final project\shitty final project EE\EE2026_final_project\EE2026_final_project.xpr
# Log file: C:/Users/clare/Documents/NUS Stuff/Y2S2/EE2026/different archives for final project/shitty final project EE/EE2026_final_project/vivado.log
# Journal file: C:/Users/clare/Documents/NUS Stuff/Y2S2/EE2026/different archives for final project/shitty final project EE/EE2026_final_project\vivado.jou
#-----------------------------------------------------------
start_gui
open_project {C:/Users/clare/Documents/NUS Stuff/Y2S2/EE2026/different archives for final project/shitty final project EE/EE2026_final_project/EE2026_final_project.xpr}
INFO: [ProjectBase 1-489] The host OS only allows 260 characters in a normal path. The project is stored in a path with more than 80 characters. If you experience issues with IP, Block Designs, or files not being found, please consider moving the project to a location with a shorter path. Alternately consider using the OS subst command to map part of the path to a drive letter.
Current project path is 'C:/Users/clare/Documents/NUS Stuff/Y2S2/EE2026/different archives for final project/shitty final project EE/EE2026_final_project'
INFO: [Project 1-313] Project file moved from 'E:/PrjAr/_X_' since last save.
CRITICAL WARNING: [Project 1-311] Could not find the file 'C:/Users/clare/Documents/NUS Stuff/Y2S2/EE2026/different archives for final project/Stuff/School/barbara proj/final_project/final_project.srcs/sources_1/imports/Indiv_project/everything_together/everything/Audio_Output.vhd', nor could it be found using path 'E:/Stuff/School/barbara proj/final_project/final_project.srcs/sources_1/imports/Indiv_project/everything_together/everything/Audio_Output.vhd'.
Scanning sources...
Finished scanning sources
INFO: [IP_Flow 19-234] Refreshing IP repositories
INFO: [IP_Flow 19-1704] No user IP repositories specified
INFO: [IP_Flow 19-2313] Loaded Vivado IP repository 'C:/Xilinx/Vivado/2018.2/data/ip'.
update_compile_order -fileset sources_1
export_ip_user_files -of_objects  [get_files {{C:/Users/clare/Documents/NUS Stuff/Y2S2/EE2026/different archives for final project/Stuff/School/barbara proj/final_project/final_project.srcs/sources_1/imports/Indiv_project/everything_together/everything/Audio_Output.vhd}}] -no_script -reset -force -quiet
remove_files  {{C:/Users/clare/Documents/NUS Stuff/Y2S2/EE2026/different archives for final project/Stuff/School/barbara proj/final_project/final_project.srcs/sources_1/imports/Indiv_project/everything_together/everything/Audio_Output.vhd}}
export_ip_user_files -of_objects  [get_files {{C:/Users/clare/Documents/NUS Stuff/Y2S2/EE2026/different archives for final project/shitty final project EE/EE2026_final_project/EE2026_final_project.srcs/sources_1/imports/Downloads/soundPowerUp.v}}] -no_script -reset -force -quiet
export_ip_user_files -of_objects  [get_files {{C:/Users/clare/Documents/NUS Stuff/Y2S2/EE2026/different archives for final project/shitty final project EE/EE2026_final_project/EE2026_final_project.srcs/sources_1/imports/Downloads/powerUps.xpr/MODS/MODS.srcs/sources_1/new/confirmBox.v}}] -no_script -reset -force -quiet
export_ip_user_files -of_objects  [get_files {{C:/Users/clare/Documents/NUS Stuff/Y2S2/EE2026/different archives for final project/shitty final project EE/EE2026_final_project/EE2026_final_project.srcs/sources_1/imports/Downloads/powerUps.xpr/MODS/MODS.srcs/sources_1/new/variable_counter.v}}] -no_script -reset -force -quiet
export_ip_user_files -of_objects  [get_files {{C:/Users/clare/Documents/NUS Stuff/Y2S2/EE2026/different archives for final project/shitty final project EE/EE2026_final_project/EE2026_final_project.srcs/sources_1/imports/Downloads/soundCounter2.v}}] -no_script -reset -force -quiet
remove_files  {{C:/Users/clare/Documents/NUS Stuff/Y2S2/EE2026/different archives for final project/shitty final project EE/EE2026_final_project/EE2026_final_project.srcs/sources_1/imports/Downloads/soundPowerUp.v} {C:/Users/clare/Documents/NUS Stuff/Y2S2/EE2026/different archives for final project/shitty final project EE/EE2026_final_project/EE2026_final_project.srcs/sources_1/imports/Downloads/powerUps.xpr/MODS/MODS.srcs/sources_1/new/confirmBox.v} {C:/Users/clare/Documents/NUS Stuff/Y2S2/EE2026/different archives for final project/shitty final project EE/EE2026_final_project/EE2026_final_project.srcs/sources_1/imports/Downloads/powerUps.xpr/MODS/MODS.srcs/sources_1/new/variable_counter.v} {C:/Users/clare/Documents/NUS Stuff/Y2S2/EE2026/different archives for final project/shitty final project EE/EE2026_final_project/EE2026_final_project.srcs/sources_1/imports/Downloads/soundCounter2.v}}
export_ip_user_files -of_objects  [get_files {{C:/Users/clare/Documents/NUS Stuff/Y2S2/EE2026/different archives for final project/shitty final project EE/EE2026_final_project/archive_project_summary.txt}}] -no_script -reset -force -quiet
remove_files  {{C:/Users/clare/Documents/NUS Stuff/Y2S2/EE2026/different archives for final project/shitty final project EE/EE2026_final_project/archive_project_summary.txt}}
export_ip_user_files -of_objects  [get_files {{C:/Users/clare/Documents/NUS Stuff/Y2S2/EE2026/different archives for final project/shitty final project EE/EE2026_final_project/EE2026_final_project.srcs/sources_1/imports/Desktop/completedGame/EE2026_final_project/archive_project_summary.txt}}] -no_script -reset -force -quiet
export_ip_user_files -of_objects  [get_files {{C:/Users/clare/Documents/NUS Stuff/Y2S2/EE2026/different archives for final project/shitty final project EE/EE2026_final_project/EE2026_final_project.srcs/sources_1/imports/Downloads/readyToMerge.xpr/EE2026_final_project/archive_project_summary.txt}}] -no_script -reset -force -quiet
export_ip_user_files -of_objects  [get_files {{C:/Users/clare/Documents/NUS Stuff/Y2S2/EE2026/different archives for final project/shitty final project EE/EE2026_final_project/EE2026_final_project.srcs/sources_1/imports/EE2026_final_project/archive_project_summary.txt}}] -no_script -reset -force -quiet
remove_files  {{C:/Users/clare/Documents/NUS Stuff/Y2S2/EE2026/different archives for final project/shitty final project EE/EE2026_final_project/EE2026_final_project.srcs/sources_1/imports/Desktop/completedGame/EE2026_final_project/archive_project_summary.txt} {C:/Users/clare/Documents/NUS Stuff/Y2S2/EE2026/different archives for final project/shitty final project EE/EE2026_final_project/EE2026_final_project.srcs/sources_1/imports/Downloads/readyToMerge.xpr/EE2026_final_project/archive_project_summary.txt} {C:/Users/clare/Documents/NUS Stuff/Y2S2/EE2026/different archives for final project/shitty final project EE/EE2026_final_project/EE2026_final_project.srcs/sources_1/imports/EE2026_final_project/archive_project_summary.txt}}
exit
INFO: [Common 17-206] Exiting Vivado at Fri May 10 16:30:55 2024...
